<?xml version="1.0" encoding="UTF-8"?>
<!-- Generated by org.testng.reporters.JUnitReportReporter -->
<testsuite skipped="0" hostname="Rashmes-MacBook-Air.local" name="com.TDDFramework.TestNGBasics.InvocationCount" tests="5" failures="0" timestamp="26 Jul 2022 03:42:02 GMT" time="0.009" errors="0">
  <testcase name="add" time="0.003" classname="com.TDDFramework.TestNGBasics.InvocationCount"/>
  <testcase name="add" time="0.002" classname="com.TDDFramework.TestNGBasics.InvocationCount"/>
  <testcase name="add" time="0.001" classname="com.TDDFramework.TestNGBasics.InvocationCount"/>
  <testcase name="add" time="0.002" classname="com.TDDFramework.TestNGBasics.InvocationCount"/>
  <testcase name="add" time="0.001" classname="com.TDDFramework.TestNGBasics.InvocationCount"/>
</testsuite> <!-- com.TDDFramework.TestNGBasics.InvocationCount -->
