<?xml version="1.0" encoding="UTF-8"?>
<!-- Generated by org.testng.reporters.JUnitReportReporter -->
<testsuite skipped="0" hostname="Rashmes-MacBook-Air.local" name="com.TDDFramework.TestNGBasics.YahooTestParam" tests="1" failures="0" timestamp="26 Jul 2022 05:17:11 GMT" time="18.798" errors="0">
  <testcase name="yahooTest" time="18.798" classname="com.TDDFramework.TestNGBasics.YahooTestParam"/>
</testsuite> <!-- com.TDDFramework.TestNGBasics.YahooTestParam -->
