<?xml version="1.0" encoding="UTF-8"?>
<!-- Generated by org.testng.reporters.JUnitReportReporter -->
<testsuite skipped="0" hostname="Rashmes-MacBook-Air.local" name="com.TDDFrameowk.TestNGBasics.GoogleTitleTestAssert" tests="2" failures="0" timestamp="25 Jul 2022 15:37:07 GMT" time="16.934" errors="0">
  <testcase name="googleTitleTest" time="8.100" classname="com.TDDFrameowk.TestNGBasics.GoogleTitleTestAssert"/>
  <testcase name="googleLogoTest" time="8.834" classname="com.TDDFrameowk.TestNGBasics.GoogleTitleTestAssert"/>
</testsuite> <!-- com.TDDFrameowk.TestNGBasics.GoogleTitleTestAssert -->
