<?xml version="1.0" encoding="UTF-8"?>
<!-- Generated by org.testng.reporters.JUnitReportReporter -->
<testsuite skipped="0" hostname="Rashmes-MacBook-Air.local" name="com.TDDFramework.TestNGBasics.GoogleTitleTestAssert" tests="2" failures="0" timestamp="26 Jul 2022 03:42:02 GMT" time="19.463" errors="0">
  <testcase name="googleTitle" time="8.001" classname="com.TDDFramework.TestNGBasics.GoogleTitleTestAssert"/>
  <testcase name="googleLogo" time="11.462" classname="com.TDDFramework.TestNGBasics.GoogleTitleTestAssert"/>
</testsuite> <!-- com.TDDFramework.TestNGBasics.GoogleTitleTestAssert -->
