<?xml version="1.0" encoding="UTF-8"?>
<!-- Generated by org.testng.reporters.JUnitReportReporter -->
<testsuite skipped="0" hostname="Rashmes-MacBook-Air.local" name="com.TDDFrameowk.TestNGBasics.InvocationTimeout" tests="1" failures="0" timestamp="25 Jul 2022 15:02:24 GMT" time="0.025" errors="1">
  <testcase name="invocation" time="0.025" classname="com.TDDFrameowk.TestNGBasics.InvocationTimeout">
    <error type="org.testng.internal.thread.ThreadTimeoutException" message="Method com.TDDFrameowk.TestNGBasics.InvocationTimeout.invocation() didn&#039;t finish within the time-out 2">
      <![CDATA[org.testng.internal.thread.ThreadTimeoutException: Method com.TDDFrameowk.TestNGBasics.InvocationTimeout.invocation() didn't finish within the time-out 2
at java.io.BufferedOutputStream.flushBuffer(BufferedOutputStream.java:81)
at java.io.BufferedOutputStream.flush(BufferedOutputStream.java:140)
at java.io.PrintStream.newLine(PrintStream.java:548)
at java.io.PrintStream.println(PrintStream.java:737)
at com.TDDFrameowk.TestNGBasics.InvocationTimeout.invocation(InvocationTimeout.java:11)
at sun.reflect.NativeMethodAccessorImpl.invoke0(Native Method)
at sun.reflect.NativeMethodAccessorImpl.invoke(NativeMethodAccessorImpl.java:62)
at sun.reflect.DelegatingMethodAccessorImpl.invoke(DelegatingMethodAccessorImpl.java:43)
at java.lang.reflect.Method.invoke(Method.java:498)
at org.testng.internal.MethodInvocationHelper.invokeMethod(MethodInvocationHelper.java:124)
at org.testng.internal.InvokeMethodRunnable.runOne(InvokeMethodRunnable.java:54)
at org.testng.internal.InvokeMethodRunnable.run(InvokeMethodRunnable.java:40)
at java.util.concurrent.Executors$RunnableAdapter.call(Executors.java:511)
at java.util.concurrent.FutureTask.run(FutureTask.java:266)
at java.util.concurrent.ThreadPoolExecutor.runWorker(ThreadPoolExecutor.java:1149)
at java.util.concurrent.ThreadPoolExecutor$Worker.run(ThreadPoolExecutor.java:624)
at java.lang.Thread.run(Thread.java:748)
]]>
    </error>
  </testcase> <!-- invocation -->
</testsuite> <!-- com.TDDFrameowk.TestNGBasics.InvocationTimeout -->
