<?xml version="1.0" encoding="UTF-8"?>
<!-- Generated by org.testng.reporters.JUnitReportReporter -->
<testsuite skipped="0" hostname="Rashmes-MacBook-Air.local" name="com.TDDFrameowk.TestNGBasics.InvocationCount" tests="5" failures="0" timestamp="25 Jul 2022 14:08:54 GMT" time="0.020" errors="0">
  <testcase name="add" time="0.002" classname="com.TDDFrameowk.TestNGBasics.InvocationCount"/>
  <testcase name="add" time="0.014" classname="com.TDDFrameowk.TestNGBasics.InvocationCount"/>
  <testcase name="add" time="0.002" classname="com.TDDFrameowk.TestNGBasics.InvocationCount"/>
  <testcase name="add" time="0.001" classname="com.TDDFrameowk.TestNGBasics.InvocationCount"/>
  <testcase name="add" time="0.001" classname="com.TDDFrameowk.TestNGBasics.InvocationCount"/>
</testsuite> <!-- com.TDDFrameowk.TestNGBasics.InvocationCount -->
