<?xml version="1.0" encoding="UTF-8"?>
<!-- Generated by org.testng.reporters.JUnitReportReporter -->
<testsuite skipped="0" hostname="Rashmes-MacBook-Air.local" name="com.TDDFrameowk.TestNGBasics.TestNGBasics" tests="3" failures="0" timestamp="25 Jul 2022 09:43:11 GMT" time="0.018" errors="0">
  <testcase name="test_001" time="0.013" classname="com.TDDFrameowk.TestNGBasics.TestNGBasics"/>
  <testcase name="test_002" time="0.004" classname="com.TDDFrameowk.TestNGBasics.TestNGBasics"/>
  <testcase name="test_003" time="0.001" classname="com.TDDFrameowk.TestNGBasics.TestNGBasics"/>
</testsuite> <!-- com.TDDFrameowk.TestNGBasics.TestNGBasics -->
