<?xml version="1.0" encoding="UTF-8"?>
<!-- Generated by org.testng.reporters.JUnitReportReporter -->
<testsuite skipped="0" hostname="Rashmes-MacBook-Air.local" name="com.TDDFramework.TestNGBasics.GoogleTest" tests="6" failures="0" timestamp="26 Jul 2022 03:42:02 GMT" time="49.807" errors="0">
  <testcase name="googleTitleTest" time="9.026" classname="com.TDDFramework.TestNGBasics.GoogleTest"/>
  <testcase name="googleLogoTest" time="7.871" classname="com.TDDFramework.TestNGBasics.GoogleTest"/>
  <testcase name="mailLinkTest" time="8.065" classname="com.TDDFramework.TestNGBasics.GoogleTest"/>
  <testcase name="test1" time="7.765" classname="com.TDDFramework.TestNGBasics.GoogleTest"/>
  <testcase name="test2" time="8.290" classname="com.TDDFramework.TestNGBasics.GoogleTest"/>
  <testcase name="test3" time="8.790" classname="com.TDDFramework.TestNGBasics.GoogleTest"/>
</testsuite> <!-- com.TDDFramework.TestNGBasics.GoogleTest -->
