<?xml version="1.0" encoding="UTF-8"?>
<!-- Generated by org.testng.reporters.JUnitReportReporter -->
<testsuite skipped="0" hostname="Rashmes-MacBook-Air.local" name="com.TDDFrameowk.TestNGBasics.GoogleTest" tests="6" failures="0" timestamp="25 Jul 2022 12:24:36 GMT" time="50.964" errors="0">
  <testcase name="googleTitleTest" time="7.456" classname="com.TDDFrameowk.TestNGBasics.GoogleTest"/>
  <testcase name="googleLogoTest" time="8.003" classname="com.TDDFrameowk.TestNGBasics.GoogleTest"/>
  <testcase name="mailLinkTest" time="9.314" classname="com.TDDFrameowk.TestNGBasics.GoogleTest"/>
  <testcase name="test1" time="10.596" classname="com.TDDFrameowk.TestNGBasics.GoogleTest"/>
  <testcase name="test2" time="7.855" classname="com.TDDFrameowk.TestNGBasics.GoogleTest"/>
  <testcase name="test3" time="7.740" classname="com.TDDFrameowk.TestNGBasics.GoogleTest"/>
</testsuite> <!-- com.TDDFrameowk.TestNGBasics.GoogleTest -->
