<?xml version="1.0" encoding="UTF-8"?>
<!-- Generated by org.testng.reporters.JUnitReportReporter -->
<testsuite skipped="0" hostname="Rashmes-MacBook-Air.local" name="com.TDDFramework.TestNGBasics.TestNGBasicsAnnotations" tests="3" failures="0" timestamp="26 Jul 2022 03:42:02 GMT" time="0.004" errors="0">
  <testcase name="test_003" time="0.001" classname="com.TDDFramework.TestNGBasics.TestNGBasicsAnnotations"/>
  <testcase name="test_002" time="0.002" classname="com.TDDFramework.TestNGBasics.TestNGBasicsAnnotations"/>
  <testcase name="test_001" time="0.001" classname="com.TDDFramework.TestNGBasics.TestNGBasicsAnnotations"/>
</testsuite> <!-- com.TDDFramework.TestNGBasics.TestNGBasicsAnnotations -->
